build/app/intermediates/manifest_merge_blame_file/debug/manifest-merger-blame-debug-report.txt
1<?xml version="1.0" encoding="utf-8"?>
2<manifest xmlns:android="http://schemas.android.com/apk/res/android"
3    package="com.example.carlock"
4    android:versionCode="1"
5    android:versionName="1.0.0" >
6
7    <uses-sdk
8        android:minSdkVersion="20"
9        android:targetSdkVersion="31" />
10    <!--
11         Flutter needs it to communicate with the running application
12         to allow setting breakpoints, to provide hot reload, etc.
13    -->
14    <uses-permission android:name="android.permission.INTERNET" />
14-->src\main\AndroidManifest.xml:4:5-67
14-->src\main\AndroidManifest.xml:4:22-64
15    <uses-permission android:name="android.permission.WRITE_EXTERNAL_STORAGE" />
15-->src\main\AndroidManifest.xml:5:5-81
15-->src\main\AndroidManifest.xml:5:22-78
16    <uses-permission android:name="android.permission.READ_EXTERNAL_STORAGE" />
16-->src\main\AndroidManifest.xml:6:5-80
16-->src\main\AndroidManifest.xml:6:22-77
17    <uses-permission android:name="android.permission.ACCESS_FINE_LOCATION" />
17-->src\main\AndroidManifest.xml:7:5-79
17-->src\main\AndroidManifest.xml:7:22-76
18    <uses-permission android:name="android.permission.ACCESS_NETWORK_STATE" />
18-->src\main\AndroidManifest.xml:9:5-79
18-->src\main\AndroidManifest.xml:9:22-76
19    <uses-permission android:name="android.permission.FOREGROUND_SERVICE" />
19-->src\main\AndroidManifest.xml:10:5-77
19-->src\main\AndroidManifest.xml:10:22-74
20    <uses-permission android:name="android.permission.ACCESS_BACKGROUND_LOCATION" />
20-->src\main\AndroidManifest.xml:11:5-84
20-->src\main\AndroidManifest.xml:11:22-82
21    <uses-permission android:name="android.permission.ACCESS_COARSE_LOCATION" />
21-->[:location] AndroidManifest.xml:7:5-81
21-->[:location] AndroidManifest.xml:7:22-78
22
23    <uses-feature
23-->[com.google.android.gms:play-services-maps:18.0.2] AndroidManifest.xml:26:5-28:35
24        android:glEsVersion="0x00020000"
24-->[com.google.android.gms:play-services-maps:18.0.2] AndroidManifest.xml:27:9-41
25        android:required="true" />
25-->[com.google.android.gms:play-services-maps:18.0.2] AndroidManifest.xml:28:9-32
26
27    <queries>
27-->[com.google.android.gms:play-services-maps:18.0.2] AndroidManifest.xml:30:5-34:15
28
29        <!-- Needs to be explicitly declared on Android R+ -->
30        <package android:name="com.google.android.apps.maps" />
30-->[com.google.android.gms:play-services-maps:18.0.2] AndroidManifest.xml:33:9-64
30-->[com.google.android.gms:play-services-maps:18.0.2] AndroidManifest.xml:33:18-61
31    </queries>
32
33    <application
34        android:name="android.app.Application"
35        android:appComponentFactory="androidx.core.app.CoreComponentFactory"
35-->[androidx.core:core:1.6.0] AndroidManifest.xml:24:18-86
36        android:debuggable="true"
37        android:icon="@mipmap/ic_launcher"
38        android:label="carlock" >
39        <meta-data
40            android:name="com.google.android.geo.API_KEY"
41            android:value="AIzaSyDT0oCe1S8JfXqCjXdyCKJCM1MzhthB3us" />
42
43        <activity
44            android:name="com.example.carlock.MainActivity"
45            android:configChanges="orientation|keyboardHidden|keyboard|screenSize|smallestScreenSize|locale|layoutDirection|fontScale|screenLayout|density|uiMode"
46            android:exported="true"
47            android:hardwareAccelerated="true"
48            android:launchMode="singleTop"
49            android:theme="@style/LaunchTheme"
50            android:windowSoftInputMode="adjustResize" >
51
52            <!--
53                 Specifies an Android theme to apply to this Activity as soon as
54                the Android process has started. This theme is visible to the user
55                while the Flutter UI initializes. After that, this theme continues
56                to determine the Window background behind the Flutter UI.
57            -->
58            <meta-data
59                android:name="io.flutter.embedding.android.NormalTheme"
60                android:resource="@style/NormalTheme" />
61            <!--
62                 <meta-data
63                android:name="com.google.android.geo.API_KEY"
64                android:value="AIzaSyDT0oCe1S8JfXqCjXdyCKJCM1MzhthB3us"
65                />
66            -->
67            <intent-filter>
68                <action android:name="android.intent.action.MAIN" />
69
70                <category android:name="android.intent.category.LAUNCHER" />
71            </intent-filter>
72        </activity>
73        <!--
74             Don't delete the meta-data below.
75            This is used by the Flutter tool to generate GeneratedPluginRegistrant.java
76        -->
77        <meta-data
78            android:name="flutterEmbedding"
79            android:value="2" />
80
81        <service
81-->[:location] AndroidManifest.xml:11:9-15:56
82            android:name="com.lyokone.location.FlutterLocationService"
82-->[:location] AndroidManifest.xml:12:13-71
83            android:enabled="true"
83-->[:location] AndroidManifest.xml:13:13-35
84            android:exported="false"
84-->[:location] AndroidManifest.xml:14:13-37
85            android:foregroundServiceType="location" />
85-->[:location] AndroidManifest.xml:15:13-53
86
87        <provider
87-->[:share] AndroidManifest.xml:8:9-16:20
88            android:name="io.flutter.plugins.share.ShareFileProvider"
88-->[:share] AndroidManifest.xml:9:13-70
89            android:authorities="com.example.carlock.flutter.share_provider"
89-->[:share] AndroidManifest.xml:10:13-74
90            android:exported="false"
90-->[:share] AndroidManifest.xml:11:13-37
91            android:grantUriPermissions="true" >
91-->[:share] AndroidManifest.xml:12:13-47
92            <meta-data
92-->[:share] AndroidManifest.xml:13:13-15:68
93                android:name="android.support.FILE_PROVIDER_PATHS"
93-->[:share] AndroidManifest.xml:14:17-67
94                android:resource="@xml/flutter_share_file_paths" />
94-->[:share] AndroidManifest.xml:15:17-65
95        </provider>
96
97        <uses-library
97-->[androidx.window:window:1.0.0-beta04] AndroidManifest.xml:25:9-27:40
98            android:name="androidx.window.extensions"
98-->[androidx.window:window:1.0.0-beta04] AndroidManifest.xml:26:13-54
99            android:required="false" />
99-->[androidx.window:window:1.0.0-beta04] AndroidManifest.xml:27:13-37
100        <uses-library
100-->[androidx.window:window:1.0.0-beta04] AndroidManifest.xml:28:9-30:40
101            android:name="androidx.window.sidecar"
101-->[androidx.window:window:1.0.0-beta04] AndroidManifest.xml:29:13-51
102            android:required="false" /> <!-- Needs to be explicitly declared on P+ -->
102-->[androidx.window:window:1.0.0-beta04] AndroidManifest.xml:30:13-37
103        <uses-library
103-->[com.google.android.gms:play-services-maps:18.0.2] AndroidManifest.xml:39:9-41:40
104            android:name="org.apache.http.legacy"
104-->[com.google.android.gms:play-services-maps:18.0.2] AndroidManifest.xml:40:13-50
105            android:required="false" />
105-->[com.google.android.gms:play-services-maps:18.0.2] AndroidManifest.xml:41:13-37
106
107        <activity
107-->[com.google.android.gms:play-services-base:18.0.1] AndroidManifest.xml:20:9-22:45
108            android:name="com.google.android.gms.common.api.GoogleApiActivity"
108-->[com.google.android.gms:play-services-base:18.0.1] AndroidManifest.xml:20:19-85
109            android:exported="false"
109-->[com.google.android.gms:play-services-base:18.0.1] AndroidManifest.xml:22:19-43
110            android:theme="@android:style/Theme.Translucent.NoTitleBar" />
110-->[com.google.android.gms:play-services-base:18.0.1] AndroidManifest.xml:21:19-78
111
112        <meta-data
112-->[com.google.android.gms:play-services-basement:18.0.0] AndroidManifest.xml:21:9-23:69
113            android:name="com.google.android.gms.version"
113-->[com.google.android.gms:play-services-basement:18.0.0] AndroidManifest.xml:22:13-58
114            android:value="@integer/google_play_services_version" />
114-->[com.google.android.gms:play-services-basement:18.0.0] AndroidManifest.xml:23:13-66
115    </application>
116
117</manifest>